0 verbose cli /Users/yan/.nvm/versions/node/v22.18.0/bin/node /Users/yan/.nvm/versions/node/v22.18.0/bin/npm
1 info using npm@10.9.3
2 info using node@v22.18.0
3 silly config load:file:/Users/yan/.nvm/versions/node/v22.18.0/lib/node_modules/npm/npmrc
4 silly config load:file:/Users/yan/ZhikangAI/backend/.npmrc
5 silly config load:file:/Users/yan/.npmrc
6 silly config load:file:/Users/yan/.nvm/versions/node/v22.18.0/etc/npmrc
7 verbose title npm install jsonwebtoken @types/jsonwebtoken
8 verbose argv "install" "jsonwebtoken" "@types/jsonwebtoken" "--cache" "/Users/yan/ZhikangAI/backend/.npm-cache"
9 verbose logfile logs-max:10 dir:/Users/yan/ZhikangAI/backend/.npm-cache/_logs/2026-05-26T14_15_45_227Z-
10 verbose logfile /Users/yan/ZhikangAI/backend/.npm-cache/_logs/2026-05-26T14_15_45_227Z-debug-0.log
11 silly logfile done cleaning log files
12 silly packumentCache heap:4345298944 maxSize:1086324736 maxEntrySize:543162368
13 silly idealTree buildDeps
14 silly fetch manifest jsonwebtoken@*
15 silly packumentCache full:https://registry.npmjs.org/jsonwebtoken cache-miss
16 http fetch GET 200 https://registry.npmjs.org/jsonwebtoken 1348ms (cache miss)
17 silly packumentCache full:https://registry.npmjs.org/jsonwebtoken set size:undefined disposed:false
18 silly fetch manifest @types/jsonwebtoken@*
19 silly packumentCache full:https://registry.npmjs.org/@types%2fjsonwebtoken cache-miss
20 http fetch GET 200 https://registry.npmjs.org/@types%2fjsonwebtoken 361ms (cache miss)
21 silly packumentCache full:https://registry.npmjs.org/@types%2fjsonwebtoken set size:undefined disposed:false
22 silly placeDep ROOT @types/jsonwebtoken@9.0.10 OK for: backend@1.0.0 want: *
23 silly placeDep ROOT jsonwebtoken@9.0.3 OK for: backend@1.0.0 want: *
24 silly fetch manifest @types/ms@*
25 silly packumentCache full:https://registry.npmjs.org/@types%2fms cache-miss
26 silly fetch manifest jws@^4.0.1
27 silly packumentCache full:https://registry.npmjs.org/jws cache-miss
28 silly fetch manifest semver@^7.5.4
29 silly packumentCache full:https://registry.npmjs.org/semver cache-miss
30 silly fetch manifest lodash.once@^4.0.0
31 silly packumentCache full:https://registry.npmjs.org/lodash.once cache-miss
32 silly fetch manifest lodash.includes@^4.3.0
33 silly packumentCache full:https://registry.npmjs.org/lodash.includes cache-miss
34 silly fetch manifest lodash.isnumber@^3.0.3
35 silly packumentCache full:https://registry.npmjs.org/lodash.isnumber cache-miss
36 silly fetch manifest lodash.isstring@^4.0.1
37 silly packumentCache full:https://registry.npmjs.org/lodash.isstring cache-miss
38 silly fetch manifest lodash.isboolean@^3.0.3
39 silly packumentCache full:https://registry.npmjs.org/lodash.isboolean cache-miss
40 silly fetch manifest lodash.isinteger@^4.0.4
41 silly packumentCache full:https://registry.npmjs.org/lodash.isinteger cache-miss
42 http fetch GET 200 https://registry.npmjs.org/@types%2fms 426ms (cache miss)
43 silly packumentCache full:https://registry.npmjs.org/@types%2fms set size:undefined disposed:false
44 silly fetch manifest lodash.isplainobject@^4.0.6
45 silly packumentCache full:https://registry.npmjs.org/lodash.isplainobject cache-miss
46 http fetch GET 200 https://registry.npmjs.org/lodash.isplainobject 262ms (cache miss)
47 silly packumentCache full:https://registry.npmjs.org/lodash.isplainobject set size:undefined disposed:false
48 http fetch GET 200 https://registry.npmjs.org/lodash.isinteger 1083ms (cache miss)
49 silly packumentCache full:https://registry.npmjs.org/lodash.isinteger set size:undefined disposed:false
50 http fetch GET 200 https://registry.npmjs.org/lodash.isstring 1093ms (cache miss)
51 silly packumentCache full:https://registry.npmjs.org/lodash.isstring set size:undefined disposed:false
52 http fetch GET 200 https://registry.npmjs.org/lodash.isnumber 1131ms (cache miss)
53 silly packumentCache full:https://registry.npmjs.org/lodash.isnumber set size:undefined disposed:false
54 http fetch GET 200 https://registry.npmjs.org/lodash.isboolean 1133ms (cache miss)
55 silly packumentCache full:https://registry.npmjs.org/lodash.isboolean set size:undefined disposed:false
56 http fetch GET 200 https://registry.npmjs.org/lodash.once 1154ms (cache miss)
57 silly packumentCache full:https://registry.npmjs.org/lodash.once set size:undefined disposed:false
58 http fetch GET 200 https://registry.npmjs.org/jws 1171ms (cache miss)
59 silly packumentCache full:https://registry.npmjs.org/jws set size:undefined disposed:false
60 http fetch GET 200 https://registry.npmjs.org/lodash.includes 1198ms (cache miss)
61 silly packumentCache full:https://registry.npmjs.org/lodash.includes set size:undefined disposed:false
62 http fetch GET 200 https://registry.npmjs.org/semver 1352ms (cache miss)
63 silly packumentCache full:https://registry.npmjs.org/semver set size:undefined disposed:false
64 silly placeDep ROOT @types/ms@2.1.0 OK for: @types/jsonwebtoken@9.0.10 want: *
65 silly placeDep ROOT jws@4.0.1 OK for: jsonwebtoken@9.0.3 want: ^4.0.1
66 silly placeDep ROOT lodash.includes@4.3.0 OK for: jsonwebtoken@9.0.3 want: ^4.3.0
67 silly placeDep ROOT lodash.isboolean@3.0.3 OK for: jsonwebtoken@9.0.3 want: ^3.0.3
68 silly placeDep ROOT lodash.isinteger@4.0.4 OK for: jsonwebtoken@9.0.3 want: ^4.0.4
69 silly placeDep ROOT lodash.isnumber@3.0.3 OK for: jsonwebtoken@9.0.3 want: ^3.0.3
70 silly placeDep ROOT lodash.isplainobject@4.0.6 OK for: jsonwebtoken@9.0.3 want: ^4.0.6
71 silly placeDep ROOT lodash.isstring@4.0.1 OK for: jsonwebtoken@9.0.3 want: ^4.0.1
72 silly placeDep ROOT lodash.once@4.1.1 OK for: jsonwebtoken@9.0.3 want: ^4.0.0
73 silly placeDep ROOT semver@7.8.1 OK for: jsonwebtoken@9.0.3 want: ^7.5.4
74 silly fetch manifest jwa@^2.0.1
75 silly packumentCache full:https://registry.npmjs.org/jwa cache-miss
76 silly fetch manifest safe-buffer@^5.0.1
77 silly packumentCache full:https://registry.npmjs.org/safe-buffer cache-miss
78 http fetch GET 200 https://registry.npmjs.org/safe-buffer 265ms (cache miss)
79 silly packumentCache full:https://registry.npmjs.org/safe-buffer set size:undefined disposed:false
80 http fetch GET 200 https://registry.npmjs.org/jwa 291ms (cache miss)
81 silly packumentCache full:https://registry.npmjs.org/jwa set size:undefined disposed:false
82 silly placeDep ROOT jwa@2.0.1 OK for: jws@4.0.1 want: ^2.0.1
83 silly placeDep ROOT safe-buffer@5.2.1 OK for: jws@4.0.1 want: ^5.0.1
84 silly fetch manifest ecdsa-sig-formatter@1.0.11
85 silly packumentCache full:https://registry.npmjs.org/ecdsa-sig-formatter cache-miss
86 silly fetch manifest buffer-equal-constant-time@^1.0.1
87 silly packumentCache full:https://registry.npmjs.org/buffer-equal-constant-time cache-miss
88 http fetch GET 200 https://registry.npmjs.org/buffer-equal-constant-time 250ms (cache miss)
89 silly packumentCache full:https://registry.npmjs.org/buffer-equal-constant-time set size:undefined disposed:false
90 http fetch GET 200 https://registry.npmjs.org/ecdsa-sig-formatter 255ms (cache miss)
91 silly packumentCache full:https://registry.npmjs.org/ecdsa-sig-formatter set size:undefined disposed:false
92 silly placeDep ROOT buffer-equal-constant-time@1.0.1 OK for: jwa@2.0.1 want: ^1.0.1
93 silly placeDep ROOT ecdsa-sig-formatter@1.0.11 OK for: jwa@2.0.1 want: 1.0.11
94 silly reify moves {}
95 silly audit bulk request {
95 silly audit   '@esbuild/aix-ppc64': [ '0.28.0' ],
95 silly audit   '@esbuild/android-arm': [ '0.28.0' ],
95 silly audit   '@esbuild/android-arm64': [ '0.28.0' ],
95 silly audit   '@esbuild/android-x64': [ '0.28.0' ],
95 silly audit   '@esbuild/darwin-arm64': [ '0.28.0' ],
95 silly audit   '@esbuild/darwin-x64': [ '0.28.0' ],
95 silly audit   '@esbuild/freebsd-arm64': [ '0.28.0' ],
95 silly audit   '@esbuild/freebsd-x64': [ '0.28.0' ],
95 silly audit   '@esbuild/linux-arm': [ '0.28.0' ],
95 silly audit   '@esbuild/linux-arm64': [ '0.28.0' ],
95 silly audit   '@esbuild/linux-ia32': [ '0.28.0' ],
95 silly audit   '@esbuild/linux-loong64': [ '0.28.0' ],
95 silly audit   '@esbuild/linux-mips64el': [ '0.28.0' ],
95 silly audit   '@esbuild/linux-ppc64': [ '0.28.0' ],
95 silly audit   '@esbuild/linux-riscv64': [ '0.28.0' ],
95 silly audit   '@esbuild/linux-s390x': [ '0.28.0' ],
95 silly audit   '@esbuild/linux-x64': [ '0.28.0' ],
95 silly audit   '@esbuild/netbsd-arm64': [ '0.28.0' ],
95 silly audit   '@esbuild/netbsd-x64': [ '0.28.0' ],
95 silly audit   '@esbuild/openbsd-arm64': [ '0.28.0' ],
95 silly audit   '@esbuild/openbsd-x64': [ '0.28.0' ],
95 silly audit   '@esbuild/openharmony-arm64': [ '0.28.0' ],
95 silly audit   '@esbuild/sunos-x64': [ '0.28.0' ],
95 silly audit   '@esbuild/win32-arm64': [ '0.28.0' ],
95 silly audit   '@esbuild/win32-ia32': [ '0.28.0' ],
95 silly audit   '@esbuild/win32-x64': [ '0.28.0' ],
95 silly audit   '@types/body-parser': [ '1.19.6' ],
95 silly audit   '@types/connect': [ '3.4.38' ],
95 silly audit   '@types/express': [ '5.0.6' ],
95 silly audit   '@types/express-serve-static-core': [ '5.1.1' ],
95 silly audit   '@types/http-errors': [ '2.0.5' ],
95 silly audit   '@types/node': [ '25.9.1' ],
95 silly audit   '@types/qs': [ '6.15.1' ],
95 silly audit   '@types/range-parser': [ '1.2.7' ],
95 silly audit   '@types/send': [ '1.2.1' ],
95 silly audit   '@types/serve-static': [ '2.2.0' ],
95 silly audit   accepts: [ '2.0.0' ],
95 silly audit   'body-parser': [ '2.2.2' ],
95 silly audit   bytes: [ '3.1.2' ],
95 silly audit   'call-bind-apply-helpers': [ '1.0.2' ],
95 silly audit   'call-bound': [ '1.0.4' ],
95 silly audit   'content-disposition': [ '1.1.0' ],
95 silly audit   'content-type': [ '1.0.5', '2.0.0' ],
95 silly audit   cookie: [ '0.7.2' ],
95 silly audit   'cookie-signature': [ '1.2.2' ],
95 silly audit   debug: [ '4.4.3' ],
95 silly audit   depd: [ '2.0.0' ],
95 silly audit   'dunder-proto': [ '1.0.1' ],
95 silly audit   'ee-first': [ '1.1.1' ],
95 silly audit   encodeurl: [ '2.0.0' ],
95 silly audit   'es-define-property': [ '1.0.1' ],
95 silly audit   'es-errors': [ '1.3.0' ],
95 silly audit   'es-object-atoms': [ '1.1.2' ],
95 silly audit   esbuild: [ '0.28.0' ],
95 silly audit   'escape-html': [ '1.0.3' ],
95 silly audit   etag: [ '1.8.1' ],
95 silly audit   express: [ '5.2.1' ],
95 silly audit   finalhandler: [ '2.1.1' ],
95 silly audit   forwarded: [ '0.2.0' ],
95 silly audit   fresh: [ '2.0.0' ],
95 silly audit   fsevents: [ '2.3.3' ],
95 silly audit   'function-bind': [ '1.1.2' ],
95 silly audit   'get-intrinsic': [ '1.3.0' ],
95 silly audit   'get-proto': [ '1.0.1' ],
95 silly audit   gopd: [ '1.2.0' ],
95 silly audit   'has-symbols': [ '1.1.0' ],
95 silly audit   hasown: [ '2.0.3' ],
95 silly audit   'http-errors': [ '2.0.1' ],
95 silly audit   'iconv-lite': [ '0.7.2' ],
95 silly audit   inherits: [ '2.0.4' ],
95 silly audit   'ipaddr.js': [ '1.9.1' ],
95 silly audit   'is-promise': [ '4.0.0' ],
95 silly audit   'math-intrinsics': [ '1.1.0' ],
95 silly audit   'media-typer': [ '1.1.0' ],
95 silly audit   'merge-descriptors': [ '2.0.0' ],
95 silly audit   'mime-db': [ '1.54.0' ],
95 silly audit   'mime-types': [ '3.0.2' ],
95 silly audit   ms: [ '2.1.3' ],
95 silly audit   negotiator: [ '1.0.0' ],
95 silly audit   'object-inspect': [ '1.13.4' ],
95 silly audit   'on-finished': [ '2.4.1' ],
95 silly audit   once: [ '1.4.0' ],
95 silly audit   parseurl: [ '1.3.3' ],
95 silly audit   'path-to-regexp': [ '8.4.2' ],
95 silly audit   'proxy-addr': [ '2.0.7' ],
95 silly audit   qs: [ '6.15.2' ],
95 silly audit   'range-parser': [ '1.2.1' ],
95 silly audit   'raw-body': [ '3.0.2' ],
95 silly audit   router: [ '2.2.0' ],
95 silly audit   'safer-buffer': [ '2.1.2' ],
95 silly audit   send: [ '1.2.1' ],
95 silly audit   'serve-static': [ '2.2.1' ],
95 silly audit   setprototypeof: [ '1.2.0' ],
95 silly audit   'side-channel': [ '1.1.0' ],
95 silly audit   'side-channel-list': [ '1.0.1' ],
95 silly audit   'side-channel-map': [ '1.0.1' ],
95 silly audit   'side-channel-weakmap': [ '1.0.2' ],
95 silly audit   statuses: [ '2.0.2' ],
95 silly audit   toidentifier: [ '1.0.1' ],
95 silly audit   tsx: [ '4.22.3' ],
95 silly audit   'type-is': [ '2.1.0' ],
95 silly audit   'undici-types': [ '7.24.6' ],
95 silly audit   unpipe: [ '1.0.0' ],
95 silly audit   vary: [ '1.1.2' ],
95 silly audit   wrappy: [ '1.0.2' ],
95 silly audit   '@types/jsonwebtoken': [ '9.0.10' ],
95 silly audit   jsonwebtoken: [ '9.0.3' ],
95 silly audit   '@types/ms': [ '2.1.0' ],
95 silly audit   jws: [ '4.0.1' ],
95 silly audit   'lodash.includes': [ '4.3.0' ],
95 silly audit   'lodash.isboolean': [ '3.0.3' ],
95 silly audit   'lodash.isinteger': [ '4.0.4' ],
95 silly audit   'lodash.isnumber': [ '3.0.3' ],
95 silly audit   'lodash.isplainobject': [ '4.0.6' ],
95 silly audit   'lodash.isstring': [ '4.0.1' ],
95 silly audit   'lodash.once': [ '4.1.1' ],
95 silly audit   semver: [ '7.8.1' ],
95 silly audit   jwa: [ '2.0.1' ],
95 silly audit   'safe-buffer': [ '5.2.1' ],
95 silly audit   'buffer-equal-constant-time': [ '1.0.1' ],
95 silly audit   'ecdsa-sig-formatter': [ '1.0.11' ]
95 silly audit }
96 verbose reify failed optional dependency /Users/yan/ZhikangAI/backend/node_modules/@esbuild/win32-x64
97 silly reify mark deleted [ '/Users/yan/ZhikangAI/backend/node_modules/@esbuild/win32-x64' ]
98 verbose reify failed optional dependency /Users/yan/ZhikangAI/backend/node_modules/@esbuild/win32-ia32
99 silly reify mark deleted [ '/Users/yan/ZhikangAI/backend/node_modules/@esbuild/win32-ia32' ]
100 verbose reify failed optional dependency /Users/yan/ZhikangAI/backend/node_modules/@esbuild/win32-arm64
101 silly reify mark deleted [ '/Users/yan/ZhikangAI/backend/node_modules/@esbuild/win32-arm64' ]
102 verbose reify failed optional dependency /Users/yan/ZhikangAI/backend/node_modules/@esbuild/sunos-x64
103 silly reify mark deleted [ '/Users/yan/ZhikangAI/backend/node_modules/@esbuild/sunos-x64' ]
104 verbose reify failed optional dependency /Users/yan/ZhikangAI/backend/node_modules/@esbuild/openharmony-arm64
105 silly reify mark deleted [
105 silly reify   '/Users/yan/ZhikangAI/backend/node_modules/@esbuild/openharmony-arm64'
105 silly reify ]
106 verbose reify failed optional dependency /Users/yan/ZhikangAI/backend/node_modules/@esbuild/openbsd-x64
107 silly reify mark deleted [ '/Users/yan/ZhikangAI/backend/node_modules/@esbuild/openbsd-x64' ]
108 verbose reify failed optional dependency /Users/yan/ZhikangAI/backend/node_modules/@esbuild/openbsd-arm64
109 silly reify mark deleted [ '/Users/yan/ZhikangAI/backend/node_modules/@esbuild/openbsd-arm64' ]
110 verbose reify failed optional dependency /Users/yan/ZhikangAI/backend/node_modules/@esbuild/netbsd-x64
111 silly reify mark deleted [ '/Users/yan/ZhikangAI/backend/node_modules/@esbuild/netbsd-x64' ]
112 verbose reify failed optional dependency /Users/yan/ZhikangAI/backend/node_modules/@esbuild/netbsd-arm64
113 silly reify mark deleted [ '/Users/yan/ZhikangAI/backend/node_modules/@esbuild/netbsd-arm64' ]
114 verbose reify failed optional dependency /Users/yan/ZhikangAI/backend/node_modules/@esbuild/linux-x64
115 silly reify mark deleted [ '/Users/yan/ZhikangAI/backend/node_modules/@esbuild/linux-x64' ]
116 verbose reify failed optional dependency /Users/yan/ZhikangAI/backend/node_modules/@esbuild/linux-s390x
117 silly reify mark deleted [ '/Users/yan/ZhikangAI/backend/node_modules/@esbuild/linux-s390x' ]
118 verbose reify failed optional dependency /Users/yan/ZhikangAI/backend/node_modules/@esbuild/linux-riscv64
119 silly reify mark deleted [ '/Users/yan/ZhikangAI/backend/node_modules/@esbuild/linux-riscv64' ]
120 verbose reify failed optional dependency /Users/yan/ZhikangAI/backend/node_modules/@esbuild/linux-ppc64
121 silly reify mark deleted [ '/Users/yan/ZhikangAI/backend/node_modules/@esbuild/linux-ppc64' ]
122 verbose reify failed optional dependency /Users/yan/ZhikangAI/backend/node_modules/@esbuild/linux-mips64el
123 silly reify mark deleted [ '/Users/yan/ZhikangAI/backend/node_modules/@esbuild/linux-mips64el' ]
124 verbose reify failed optional dependency /Users/yan/ZhikangAI/backend/node_modules/@esbuild/linux-loong64
125 silly reify mark deleted [ '/Users/yan/ZhikangAI/backend/node_modules/@esbuild/linux-loong64' ]
126 verbose reify failed optional dependency /Users/yan/ZhikangAI/backend/node_modules/@esbuild/linux-ia32
127 silly reify mark deleted [ '/Users/yan/ZhikangAI/backend/node_modules/@esbuild/linux-ia32' ]
128 verbose reify failed optional dependency /Users/yan/ZhikangAI/backend/node_modules/@esbuild/linux-arm64
129 silly reify mark deleted [ '/Users/yan/ZhikangAI/backend/node_modules/@esbuild/linux-arm64' ]
130 verbose reify failed optional dependency /Users/yan/ZhikangAI/backend/node_modules/@esbuild/linux-arm
131 silly reify mark deleted [ '/Users/yan/ZhikangAI/backend/node_modules/@esbuild/linux-arm' ]
132 verbose reify failed optional dependency /Users/yan/ZhikangAI/backend/node_modules/@esbuild/freebsd-x64
133 silly reify mark deleted [ '/Users/yan/ZhikangAI/backend/node_modules/@esbuild/freebsd-x64' ]
134 verbose reify failed optional dependency /Users/yan/ZhikangAI/backend/node_modules/@esbuild/freebsd-arm64
135 silly reify mark deleted [ '/Users/yan/ZhikangAI/backend/node_modules/@esbuild/freebsd-arm64' ]
136 verbose reify failed optional dependency /Users/yan/ZhikangAI/backend/node_modules/@esbuild/darwin-x64
137 silly reify mark deleted [ '/Users/yan/ZhikangAI/backend/node_modules/@esbuild/darwin-x64' ]
138 verbose reify failed optional dependency /Users/yan/ZhikangAI/backend/node_modules/@esbuild/android-x64
139 silly reify mark deleted [ '/Users/yan/ZhikangAI/backend/node_modules/@esbuild/android-x64' ]
140 verbose reify failed optional dependency /Users/yan/ZhikangAI/backend/node_modules/@esbuild/android-arm64
141 silly reify mark deleted [ '/Users/yan/ZhikangAI/backend/node_modules/@esbuild/android-arm64' ]
142 verbose reify failed optional dependency /Users/yan/ZhikangAI/backend/node_modules/@esbuild/android-arm
143 silly reify mark deleted [ '/Users/yan/ZhikangAI/backend/node_modules/@esbuild/android-arm' ]
144 verbose reify failed optional dependency /Users/yan/ZhikangAI/backend/node_modules/@esbuild/aix-ppc64
145 silly reify mark deleted [ '/Users/yan/ZhikangAI/backend/node_modules/@esbuild/aix-ppc64' ]
146 http cache ecdsa-sig-formatter@https://registry.npmjs.org/ecdsa-sig-formatter/-/ecdsa-sig-formatter-1.0.11.tgz 0ms (cache hit)
147 http cache safe-buffer@https://registry.npmjs.org/safe-buffer/-/safe-buffer-5.2.1.tgz 0ms (cache hit)
148 http cache buffer-equal-constant-time@https://registry.npmjs.org/buffer-equal-constant-time/-/buffer-equal-constant-time-1.0.1.tgz 0ms (cache hit)
149 http cache lodash.once@https://registry.npmjs.org/lodash.once/-/lodash.once-4.1.1.tgz 0ms (cache hit)
150 http cache lodash.isstring@https://registry.npmjs.org/lodash.isstring/-/lodash.isstring-4.0.1.tgz 0ms (cache hit)
151 http cache lodash.isplainobject@https://registry.npmjs.org/lodash.isplainobject/-/lodash.isplainobject-4.0.6.tgz 0ms (cache hit)
152 http cache lodash.isinteger@https://registry.npmjs.org/lodash.isinteger/-/lodash.isinteger-4.0.4.tgz 0ms (cache hit)
153 http cache lodash.isboolean@https://registry.npmjs.org/lodash.isboolean/-/lodash.isboolean-3.0.3.tgz 0ms (cache hit)
154 http cache jws@https://registry.npmjs.org/jws/-/jws-4.0.1.tgz 0ms (cache hit)
155 http cache lodash.includes@https://registry.npmjs.org/lodash.includes/-/lodash.includes-4.3.0.tgz 0ms (cache hit)
156 http cache @types/ms@https://registry.npmjs.org/@types/ms/-/ms-2.1.0.tgz 0ms (cache hit)
157 http cache jsonwebtoken@https://registry.npmjs.org/jsonwebtoken/-/jsonwebtoken-9.0.3.tgz 0ms (cache hit)
158 http cache semver@https://registry.npmjs.org/semver/-/semver-7.8.1.tgz 0ms (cache hit)
159 http cache jwa@https://registry.npmjs.org/jwa/-/jwa-2.0.1.tgz 0ms (cache hit)
160 http cache @types/jsonwebtoken@https://registry.npmjs.org/@types/jsonwebtoken/-/jsonwebtoken-9.0.10.tgz 0ms (cache hit)
161 http cache fsevents@https://registry.npmjs.org/fsevents/-/fsevents-2.3.3.tgz 0ms (cache hit)
162 http cache lodash.isnumber@https://registry.npmjs.org/lodash.isnumber/-/lodash.isnumber-3.0.3.tgz 0ms (cache hit)
163 silly tarball no local data for ecdsa-sig-formatter@https://registry.npmjs.org/ecdsa-sig-formatter/-/ecdsa-sig-formatter-1.0.11.tgz. Extracting by manifest.
164 silly tarball no local data for safe-buffer@https://registry.npmjs.org/safe-buffer/-/safe-buffer-5.2.1.tgz. Extracting by manifest.
165 silly tarball no local data for buffer-equal-constant-time@https://registry.npmjs.org/buffer-equal-constant-time/-/buffer-equal-constant-time-1.0.1.tgz. Extracting by manifest.
166 silly tarball no local data for lodash.once@https://registry.npmjs.org/lodash.once/-/lodash.once-4.1.1.tgz. Extracting by manifest.
167 silly tarball no local data for lodash.isstring@https://registry.npmjs.org/lodash.isstring/-/lodash.isstring-4.0.1.tgz. Extracting by manifest.
168 silly tarball no local data for lodash.isplainobject@https://registry.npmjs.org/lodash.isplainobject/-/lodash.isplainobject-4.0.6.tgz. Extracting by manifest.
169 silly tarball no local data for lodash.isinteger@https://registry.npmjs.org/lodash.isinteger/-/lodash.isinteger-4.0.4.tgz. Extracting by manifest.
170 silly tarball no local data for lodash.isboolean@https://registry.npmjs.org/lodash.isboolean/-/lodash.isboolean-3.0.3.tgz. Extracting by manifest.
171 silly tarball no local data for jws@https://registry.npmjs.org/jws/-/jws-4.0.1.tgz. Extracting by manifest.
172 silly tarball no local data for lodash.includes@https://registry.npmjs.org/lodash.includes/-/lodash.includes-4.3.0.tgz. Extracting by manifest.
173 silly tarball no local data for @types/ms@https://registry.npmjs.org/@types/ms/-/ms-2.1.0.tgz. Extracting by manifest.
174 silly tarball no local data for jsonwebtoken@https://registry.npmjs.org/jsonwebtoken/-/jsonwebtoken-9.0.3.tgz. Extracting by manifest.
175 silly tarball no local data for semver@https://registry.npmjs.org/semver/-/semver-7.8.1.tgz. Extracting by manifest.
176 silly tarball no local data for jwa@https://registry.npmjs.org/jwa/-/jwa-2.0.1.tgz. Extracting by manifest.
177 silly tarball no local data for @types/jsonwebtoken@https://registry.npmjs.org/@types/jsonwebtoken/-/jsonwebtoken-9.0.10.tgz. Extracting by manifest.
178 silly tarball no local data for lodash.isnumber@https://registry.npmjs.org/lodash.isnumber/-/lodash.isnumber-3.0.3.tgz. Extracting by manifest.
179 http fetch GET 200 https://registry.npmjs.org/lodash.isstring/-/lodash.isstring-4.0.1.tgz 254ms (cache miss)
180 http fetch GET 200 https://registry.npmjs.org/buffer-equal-constant-time/-/buffer-equal-constant-time-1.0.1.tgz 268ms (cache miss)
181 http fetch POST 200 https://registry.npmjs.org/-/npm/v1/security/advisories/bulk 278ms
182 silly audit report {}
183 http fetch GET 200 https://registry.npmjs.org/lodash.isboolean/-/lodash.isboolean-3.0.3.tgz 272ms (cache miss)
184 http fetch GET 200 https://registry.npmjs.org/ecdsa-sig-formatter/-/ecdsa-sig-formatter-1.0.11.tgz 273ms (cache miss)
185 http fetch GET 200 https://registry.npmjs.org/safe-buffer/-/safe-buffer-5.2.1.tgz 284ms (cache miss)
186 http fetch GET 200 https://registry.npmjs.org/lodash.isplainobject/-/lodash.isplainobject-4.0.6.tgz 295ms (cache miss)
187 http fetch GET 200 https://registry.npmjs.org/lodash.once/-/lodash.once-4.1.1.tgz 298ms (cache miss)
188 http fetch GET 200 https://registry.npmjs.org/@types/jsonwebtoken/-/jsonwebtoken-9.0.10.tgz 504ms (cache miss)
189 http fetch GET 200 https://registry.npmjs.org/lodash.isinteger/-/lodash.isinteger-4.0.4.tgz 535ms (cache miss)
190 http fetch GET 200 https://registry.npmjs.org/lodash.isnumber/-/lodash.isnumber-3.0.3.tgz 535ms (cache miss)
191 http fetch GET 200 https://registry.npmjs.org/jsonwebtoken/-/jsonwebtoken-9.0.3.tgz 820ms (cache miss)
192 http fetch GET 200 https://registry.npmjs.org/jwa/-/jwa-2.0.1.tgz 844ms (cache miss)
193 http fetch GET 200 https://registry.npmjs.org/@types/ms/-/ms-2.1.0.tgz 976ms (cache miss)
194 http fetch GET 200 https://registry.npmjs.org/jws/-/jws-4.0.1.tgz 1011ms (cache miss)
195 http fetch GET 200 https://registry.npmjs.org/semver/-/semver-7.8.1.tgz 1067ms (cache miss)
196 http fetch GET 200 https://registry.npmjs.org/lodash.includes/-/lodash.includes-4.3.0.tgz 1800ms (cache miss)
197 silly ADD node_modules/ecdsa-sig-formatter
198 silly ADD node_modules/buffer-equal-constant-time
199 silly ADD node_modules/safe-buffer
200 silly ADD node_modules/jwa
201 silly ADD node_modules/semver
202 silly ADD node_modules/lodash.once
203 silly ADD node_modules/lodash.isstring
204 silly ADD node_modules/lodash.isplainobject
205 silly ADD node_modules/lodash.isnumber
206 silly ADD node_modules/lodash.isinteger
207 silly ADD node_modules/lodash.isboolean
208 silly ADD node_modules/lodash.includes
209 silly ADD node_modules/jws
210 silly ADD node_modules/@types/ms
211 silly ADD node_modules/jsonwebtoken
212 silly ADD node_modules/@types/jsonwebtoken
213 silly ADD node_modules/fsevents
214 silly ADD
215 silly ADD
216 silly ADD
217 silly ADD
218 silly ADD
219 silly ADD
220 silly ADD
221 silly ADD
222 silly ADD
223 silly ADD
224 silly ADD
225 silly ADD
226 silly ADD
227 silly ADD
228 silly ADD
229 silly ADD
230 silly ADD
231 silly ADD
232 silly ADD
233 silly ADD
234 silly ADD
235 silly ADD
236 silly ADD
237 silly ADD
238 silly ADD
239 verbose cwd /Users/yan/ZhikangAI/backend
240 verbose os Darwin 24.6.0
241 verbose node v22.18.0
242 verbose npm  v10.9.3
243 verbose exit 0
244 info ok
