0 verbose cli /Users/yan/.nvm/versions/node/v22.18.0/bin/node /Users/yan/.nvm/versions/node/v22.18.0/lib/node_modules/npm/bin/npm-cli.js
1 info using npm@10.9.3
2 info using node@v22.18.0
3 silly config load:file:/Users/yan/.nvm/versions/node/v22.18.0/lib/node_modules/npm/npmrc
4 silly config load:file:/Users/yan/ZhikangAI/.npmrc
5 silly config load:file:/Users/yan/.npmrc
6 silly config load:file:/Users/yan/.nvm/versions/node/v22.18.0/etc/npmrc
7 verbose title npm exec tsc --noEmit --skipLibCheck --module NodeNext --moduleResolution NodeNext --target ES2022 --types node app.ts
8 verbose argv "exec" "--cache" "/Users/yan/ZhikangAI/backend/.npm-cache" "--" "tsc" "--noEmit" "--skipLibCheck" "--module" "NodeNext" "--moduleResolution" "NodeNext" "--target" "ES2022" "--types" "node" "app.ts"
9 verbose logfile logs-max:10 dir:/Users/yan/ZhikangAI/backend/.npm-cache/_logs/2026-06-03T14_36_48_713Z-
10 verbose logfile /Users/yan/ZhikangAI/backend/.npm-cache/_logs/2026-06-03T14_36_48_713Z-debug-0.log
11 silly logfile done cleaning log files
12 silly packumentCache heap:4345298944 maxSize:1086324736 maxEntrySize:543162368
13 http fetch GET 200 https://registry.npmjs.org/tsc 3014ms (cache miss)
14 silly packumentCache heap:4345298944 maxSize:1086324736 maxEntrySize:543162368
15 silly packumentCache heap:4345298944 maxSize:1086324736 maxEntrySize:543162368
16 warn exec The following package was not found and will be installed: tsc@2.0.4
17 silly idealTree buildDeps
18 silly fetch manifest tsc@2.0.4
19 silly packumentCache full:https://registry.npmjs.org/tsc cache-miss
20 http fetch GET 200 https://registry.npmjs.org/tsc 462ms (cache miss)
21 silly packumentCache full:https://registry.npmjs.org/tsc set size:undefined disposed:false
22 silly placeDep ROOT tsc@2.0.4 OK for:  want: 2.0.4
23 silly reify moves {}
24 silly audit bulk request { tsc: [ '2.0.4' ] }
25 http cache tsc@https://registry.npmjs.org/tsc/-/tsc-2.0.4.tgz 0ms (cache hit)
26 silly tarball no local data for tsc@https://registry.npmjs.org/tsc/-/tsc-2.0.4.tgz. Extracting by manifest.
27 http fetch GET 200 https://registry.npmjs.org/tsc/-/tsc-2.0.4.tgz 1467ms (cache miss)
28 warn deprecated tsc@2.0.4: Package no longer supported. Contact Support at https://www.npmjs.com/support for more info.
29 http fetch GET 200 https://registry.npmjs.org/npm 7386ms
30 http fetch POST 200 https://registry.npmjs.org/-/npm/v1/security/advisories/bulk 4587ms
31 silly audit report {}
32 verbose cwd /Users/yan/ZhikangAI
33 verbose os Darwin 24.6.0
34 verbose node v22.18.0
35 verbose npm  v10.9.3
36 notice
36 notice New major version of npm available! 10.9.3 -> 11.16.0
36 notice Changelog: https://github.com/npm/cli/releases/tag/v11.16.0
36 notice To update run: npm install -g npm@11.16.0
36 notice  { force: true, [Symbol(proc-log.meta)]: true }
37 verbose exit 1
38 verbose code 1
